<?xml version="1.0" encoding="UTF-8"?>
<testsuite xmlns:xsi="http://www.w3.org/2001/XMLSchema-instance" xsi:noNamespaceSchemaLocation="https://maven.apache.org/surefire/maven-surefire-plugin/xsd/surefire-test-report.xsd" version="3.0.2" name="com.vattima.bricklink.reporting.wantedlist.model.WantedItemTest" time="0.011" tests="5" errors="0" skipped="0" failures="0">
  <properties>
[...]
</properties>
  <testcase name="equalsAndHashCode_samePart_differentColorAndCondition_notEqual" classname="com.vattima.bricklink.reporting.wantedlist.model.WantedItemTest" time="0.003"/>
  <testcase name="equalsAndHashCode_differentPartAndColorAndCondition_notEqual" classname="com.vattima.bricklink.reporting.wantedlist.model.WantedItemTest" time="0.001"/>
  <testcase name="equalsAndHashCode_samePartAndColor_differentCondition_notEqual" classname="com.vattima.bricklink.reporting.wantedlist.model.WantedItemTest" time="0.0"/>
  <testcase name="builder" classname="com.vattima.bricklink.reporting.wantedlist.model.WantedItemTest" time="0.003"/>
  <testcase name="equalsAndHashCode_samePartAndColorAndCondition_equal" classname="com.vattima.bricklink.reporting.wantedlist.model.WantedItemTest" time="0.001"/>
</testsuite>